<?xml version="1.0" encoding="UTF-8"?>
<testng-results total="1" passed="1" failed="0" skipped="0">
  <reporter-output>
  </reporter-output>
  <suite started-at="2020-12-03T08:37:03Z" name="Default suite" finished-at="2020-12-03T08:37:03Z" duration-ms="68">
    <groups>
    </groups>
    <test started-at="2020-12-03T08:37:03Z" name="Default test" finished-at="2020-12-03T08:37:03Z" duration-ms="68">
      <class name="firstprogram.first">
        <test-method signature="Demo()[pri:0, instance:firstprogram.first@55040f2f]" started-at="2020-12-03T14:07:03Z" name="Demo" finished-at="2020-12-03T14:07:03Z" duration-ms="21" status="PASS">
          <reporter-output>
          </reporter-output>
        </test-method> <!-- Demo -->
      </class> <!-- firstprogram.first -->
    </test> <!-- Default test -->
  </suite> <!-- Default suite -->
</testng-results>
